Watching for file changes with StatReloader
Performing system checks...

System check identified no issues (0 silenced).
November 12, 2025 - 14:31:32
Django version 4.2.26, using settings 'zkeco_config.settings'
Starting development server at http://0.0.0.0:8000/
Quit the server with CTRL-BREAK.

Not Found: /
[12/Nov/2025 14:31:32] "GET / HTTP/1.1" 404 15954
[12/Nov/2025 14:31:32] "GET /static/debug_toolbar/css/toolbar.css HTTP/1.1" 200 30101
[12/Nov/2025 14:31:32] "GET /static/debug_toolbar/js/toolbar.js HTTP/1.1" 200 14879
[12/Nov/2025 14:31:32] "GET /static/debug_toolbar/css/print.css HTTP/1.1" 200 43
[12/Nov/2025 14:31:32] "GET /static/debug_toolbar/js/utils.js HTTP/1.1" 200 4700
Not Found: /favicon.ico
[12/Nov/2025 14:31:32] "GET /favicon.ico HTTP/1.1" 404 16015
[12/Nov/2025 14:31:47] "GET /admin HTTP/1.1" 301 0
[12/Nov/2025 14:31:47] "GET /admin/ HTTP/1.1" 302 0
[12/Nov/2025 14:31:47] "GET /admin/login/?next=/admin/ HTTP/1.1" 200 18012
Not Found: /
[12/Nov/2025 14:32:08] "GET / HTTP/1.1" 404 15954
C:\Users\AngelAdrian\Desktop\Acces\ZKAccessB\zkeco_modern\zkeco_config\urls.py changed, reloading.
Watching for file changes with StatReloader
Performing system checks...

System check identified no issues (0 silenced).
November 12, 2025 - 14:32:35
Django version 4.2.26, using settings 'zkeco_config.settings'
Starting development server at http://0.0.0.0:8000/
Quit the server with CTRL-BREAK.

[12/Nov/2025 14:32:41] "GET / HTTP/1.1" 302 0
[12/Nov/2025 14:32:41] "GET /admin/ HTTP/1.1" 302 0
[12/Nov/2025 14:32:41] "GET /admin/login/?next=/admin/ HTTP/1.1" 200 18012
[12/Nov/2025 14:32:41] "GET /static/admin/css/dark_mode.css HTTP/1.1" 200 2929
[12/Nov/2025 14:32:41] "GET /static/admin/css/nav_sidebar.css HTTP/1.1" 200 2694
[12/Nov/2025 14:32:41] "GET /static/admin/css/base.css HTTP/1.1" 200 21310
[12/Nov/2025 14:32:41] "GET /static/admin/css/login.css HTTP/1.1" 200 958
[12/Nov/2025 14:32:41] "GET /static/admin/css/responsive.css HTTP/1.1" 200 18559
[12/Nov/2025 14:32:41] "GET /static/admin/js/theme.js HTTP/1.1" 200 1943
[12/Nov/2025 14:32:41] "GET /static/admin/js/nav_sidebar.js HTTP/1.1" 200 3063
C:\Users\AngelAdrian\Desktop\Acces\ZKAccessB\zkeco_modern\zkeco_config\urls.py changed, reloading.
Watching for file changes with StatReloader
Performing system checks...

System check identified no issues (0 silenced).
November 12, 2025 - 14:32:52
Django version 4.2.26, using settings 'zkeco_config.settings'
Starting development server at http://0.0.0.0:8000/
Quit the server with CTRL-BREAK.

[12/Nov/2025 14:32:56] "GET /admin/login/?next=/admin/ HTTP/1.1" 200 18012
[12/Nov/2025 14:33:20] "POST /admin/login/?next=/admin/ HTTP/1.1" 200 18170
[12/Nov/2025 14:33:45] "GET /__debug__/render_panel/?request_id=84bd2c0f4e7542678c980cd1f95b5c5e&panel_id=SignalsPanel HTTP/1.1" 200 2196
[12/Nov/2025 14:33:49] "GET /admin/login/?next=/admin/ HTTP/1.1" 200 18012
[12/Nov/2025 14:33:50] "GET /admin/ HTTP/1.1" 302 0
[12/Nov/2025 14:33:50] "GET /admin/login/?next=/admin/ HTTP/1.1" 200 18012
[12/Nov/2025 14:33:52] "GET /admin/ HTTP/1.1" 302 0
[12/Nov/2025 14:33:52] "GET /admin/login/?next=/admin/ HTTP/1.1" 200 18011
[12/Nov/2025 14:33:53] "GET /admin/ HTTP/1.1" 302 0
[12/Nov/2025 14:33:53] "GET /admin/login/?next=/admin/ HTTP/1.1" 200 18011
[12/Nov/2025 14:34:21] "POST /admin/login/?next=/admin/ HTTP/1.1" 302 0
[12/Nov/2025 14:34:21] "GET /admin/ HTTP/1.1" 200 19364
[12/Nov/2025 14:34:21] "GET /static/admin/css/dashboard.css HTTP/1.1" 200 441
[12/Nov/2025 14:34:21] "GET /static/admin/img/icon-addlink.svg HTTP/1.1" 200 331
[12/Nov/2025 14:34:21] "GET /static/admin/img/icon-changelink.svg HTTP/1.1" 200 380
[12/Nov/2025 14:34:29] "GET /admin/ HTTP/1.1" 200 19364
[12/Nov/2025 14:34:31] "GET /admin/auth/user/ HTTP/1.1" 200 24295
[12/Nov/2025 14:34:31] "GET /static/admin/css/changelists.css HTTP/1.1" 200 6566
[12/Nov/2025 14:34:31] "GET /admin/jsi18n/ HTTP/1.1" 200 3343
[12/Nov/2025 14:34:31] "GET /static/admin/js/jquery.init.js HTTP/1.1" 200 347
[12/Nov/2025 14:34:31] "GET /static/admin/js/core.js HTTP/1.1" 200 5682
[12/Nov/2025 14:34:31] "GET /static/admin/js/admin/RelatedObjectLookups.js HTTP/1.1" 200 8943
[12/Nov/2025 14:34:31] "GET /static/admin/js/vendor/jquery/jquery.js HTTP/1.1" 200 292458
[12/Nov/2025 14:34:31] "GET /static/admin/js/actions.js HTTP/1.1" 200 7872
[12/Nov/2025 14:34:31] "GET /static/admin/js/urlify.js HTTP/1.1" 200 7887
[12/Nov/2025 14:34:31] "GET /static/admin/js/prepopulate.js HTTP/1.1" 200 1531
[12/Nov/2025 14:34:31] "GET /static/admin/img/search.svg HTTP/1.1" 200 458
[12/Nov/2025 14:34:31] "GET /static/admin/img/icon-yes.svg HTTP/1.1" 200 436
[12/Nov/2025 14:34:31] "GET /static/admin/js/filters.js HTTP/1.1" 200 978
[12/Nov/2025 14:34:31] "GET /static/admin/js/vendor/xregexp/xregexp.js HTTP/1.1" 200 232381
[12/Nov/2025 14:34:31] "GET /static/admin/img/tooltag-add.svg HTTP/1.1" 200 331
[12/Nov/2025 14:34:31] "GET /static/admin/img/sorting-icons.svg HTTP/1.1" 200 1097
[12/Nov/2025 14:34:33] "GET /admin/ HTTP/1.1" 200 19364
[12/Nov/2025 14:35:43] "GET / HTTP/1.1" 302 0
[12/Nov/2025 14:35:43] "GET /admin/ HTTP/1.1" 200 19364
[12/Nov/2025 14:35:43] "GET /static/debug_toolbar/css/toolbar.css HTTP/1.1" 304 0
[12/Nov/2025 14:35:43] "GET /static/debug_toolbar/js/toolbar.js HTTP/1.1" 304 0
[12/Nov/2025 14:35:43] "GET /static/debug_toolbar/css/print.css HTTP/1.1" 304 0
[12/Nov/2025 14:35:43] "GET /static/debug_toolbar/js/utils.js HTTP/1.1" 304 0
[12/Nov/2025 14:35:44] "GET / HTTP/1.1" 302 0
[12/Nov/2025 14:35:44] "GET /admin/ HTTP/1.1" 200 19364
[12/Nov/2025 14:35:47] "GET /admin/auth/user/ HTTP/1.1" 200 24295
[12/Nov/2025 14:35:47] "GET /admin/jsi18n/ HTTP/1.1" 200 3343
[12/Nov/2025 14:35:50] "GET /admin/auth/group/ HTTP/1.1" 200 21091
[12/Nov/2025 14:35:50] "GET /admin/jsi18n/ HTTP/1.1" 200 3343
[12/Nov/2025 14:35:51] "GET /admin/auth/group/ HTTP/1.1" 200 21091
[12/Nov/2025 14:35:51] "GET /admin/jsi18n/ HTTP/1.1" 200 3343
[12/Nov/2025 14:35:51] "GET /admin/auth/ HTTP/1.1" 200 19397
[12/Nov/2025 14:42:13] "GET /admin/auth/ HTTP/1.1" 200 19397
[12/Nov/2025 14:42:13] "GET /static/admin/css/base.css HTTP/1.1" 304 0
[12/Nov/2025 14:42:13] "GET /static/admin/css/dark_mode.css HTTP/1.1" 304 0
[12/Nov/2025 14:42:13] "GET /static/admin/css/nav_sidebar.css HTTP/1.1" 304 0
[12/Nov/2025 14:42:13] "GET /static/admin/css/dashboard.css HTTP/1.1" 304 0
[12/Nov/2025 14:42:13] "GET /static/admin/css/responsive.css HTTP/1.1" 304 0
[12/Nov/2025 14:42:13] "GET /static/debug_toolbar/css/toolbar.css HTTP/1.1" 304 0
[12/Nov/2025 14:42:13] "GET /static/admin/js/theme.js HTTP/1.1" 304 0
[12/Nov/2025 14:42:13] "GET /static/debug_toolbar/js/toolbar.js HTTP/1.1" 304 0
[12/Nov/2025 14:42:13] "GET /static/admin/js/nav_sidebar.js HTTP/1.1" 304 0
[12/Nov/2025 14:42:13] "GET /static/debug_toolbar/css/print.css HTTP/1.1" 304 0
[12/Nov/2025 14:42:13] "GET /static/admin/img/icon-changelink.svg HTTP/1.1" 304 0
[12/Nov/2025 14:42:13] "GET /static/admin/img/icon-addlink.svg HTTP/1.1" 304 0
[12/Nov/2025 14:42:13] "GET /static/debug_toolbar/js/utils.js HTTP/1.1" 304 0
[12/Nov/2025 14:42:19] "GET /admin/auth/ HTTP/1.1" 200 19397
[12/Nov/2025 14:42:20] "GET /admin/ HTTP/1.1" 200 19364
[12/Nov/2025 14:42:24] "GET /admin/ HTTP/1.1" 200 19364
[12/Nov/2025 14:42:25] "GET /admin/ HTTP/1.1" 200 19364
[12/Nov/2025 14:42:25] "GET /admin/ HTTP/1.1" 200 19364
[12/Nov/2025 14:42:26] "GET /admin/ HTTP/1.1" 200 19364
[12/Nov/2025 14:42:26] "GET /admin/ HTTP/1.1" 200 19364
[12/Nov/2025 14:42:26] "GET /admin/ HTTP/1.1" 200 19364
[12/Nov/2025 14:42:26] "GET /admin/ HTTP/1.1" 200 19364
[12/Nov/2025 14:42:26] "GET /admin/ HTTP/1.1" 200 19364
[12/Nov/2025 14:42:27] "GET /admin/ HTTP/1.1" 200 19364
[12/Nov/2025 14:42:27] "GET /admin/ HTTP/1.1" 200 19364
[12/Nov/2025 14:42:28] "GET / HTTP/1.1" 302 0
[12/Nov/2025 14:42:28] "GET /admin/ HTTP/1.1" 200 19364
[12/Nov/2025 14:42:29] "GET / HTTP/1.1" 302 0
[12/Nov/2025 14:42:29] "GET /admin/ HTTP/1.1" 200 19364
[12/Nov/2025 14:46:24] "GET /admin/ HTTP/1.1" 200 19364
[12/Nov/2025 14:46:25] "GET /admin/ HTTP/1.1" 200 19364
[12/Nov/2025 14:46:25] "GET /admin/ HTTP/1.1" 200 19364
[12/Nov/2025 14:46:25] "GET /admin/ HTTP/1.1" 200 19364
[12/Nov/2025 14:46:26] "GET /admin/ HTTP/1.1" 200 19364
[12/Nov/2025 14:46:26] "GET /admin/ HTTP/1.1" 200 19364
[12/Nov/2025 14:46:26] "GET /admin/ HTTP/1.1" 200 19364
[12/Nov/2025 14:46:26] "GET /admin/ HTTP/1.1" 200 19364
[12/Nov/2025 14:46:26] "GET /admin/ HTTP/1.1" 200 19364
[12/Nov/2025 14:46:27] "GET /admin/ HTTP/1.1" 200 19364
[12/Nov/2025 14:46:27] "GET /admin/ HTTP/1.1" 200 19364
[12/Nov/2025 14:46:27] "GET /admin/ HTTP/1.1" 200 19364
[12/Nov/2025 14:46:27] "GET /admin/ HTTP/1.1" 200 19364
[12/Nov/2025 14:46:27] "GET /admin/ HTTP/1.1" 200 19364
[12/Nov/2025 14:50:39] "GET /admin/ HTTP/1.1" 200 19364
[12/Nov/2025 14:50:39] "GET /static/admin/css/base.css HTTP/1.1" 304 0
[12/Nov/2025 14:50:39] "GET /static/admin/css/dark_mode.css HTTP/1.1" 304 0
[12/Nov/2025 14:50:39] "GET /static/admin/css/nav_sidebar.css HTTP/1.1" 304 0
[12/Nov/2025 14:50:39] "GET /static/admin/css/dashboard.css HTTP/1.1" 304 0
[12/Nov/2025 14:50:39] "GET /static/admin/css/responsive.css HTTP/1.1" 304 0
[12/Nov/2025 14:50:39] "GET /static/debug_toolbar/css/toolbar.css HTTP/1.1" 304 0
[12/Nov/2025 14:50:39] "GET /static/debug_toolbar/js/toolbar.js HTTP/1.1" 304 0
[12/Nov/2025 14:50:39] "GET /static/admin/js/theme.js HTTP/1.1" 304 0
[12/Nov/2025 14:50:39] "GET /static/admin/js/nav_sidebar.js HTTP/1.1" 304 0
[12/Nov/2025 14:50:39] "GET /static/admin/img/icon-addlink.svg HTTP/1.1" 304 0
[12/Nov/2025 14:50:39] "GET /static/admin/img/icon-changelink.svg HTTP/1.1" 304 0
[12/Nov/2025 14:50:39] "GET /static/debug_toolbar/js/utils.js HTTP/1.1" 304 0
[12/Nov/2025 14:50:39] "GET /static/debug_toolbar/css/print.css HTTP/1.1" 304 0
[12/Nov/2025 14:50:40] "GET /admin/ HTTP/1.1" 200 19364
[12/Nov/2025 14:50:40] "GET /admin/ HTTP/1.1" 200 19364
[12/Nov/2025 14:50:40] "GET /admin/ HTTP/1.1" 200 19364
[12/Nov/2025 14:50:40] "GET /admin/ HTTP/1.1" 200 19364
[12/Nov/2025 14:50:41] "GET /admin/ HTTP/1.1" 200 19364
[12/Nov/2025 14:50:42] "POST /admin/logout/ HTTP/1.1" 200 17404
[12/Nov/2025 14:50:44] "GET /admin/ HTTP/1.1" 302 0
[12/Nov/2025 14:50:44] "GET /admin/login/?next=/admin/ HTTP/1.1" 200 18011
[12/Nov/2025 14:50:44] "GET /static/admin/css/login.css HTTP/1.1" 304 0
[12/Nov/2025 14:50:46] "POST /admin/login/?next=/admin/ HTTP/1.1" 302 0
[12/Nov/2025 14:50:46] "GET /admin/ HTTP/1.1" 200 19364
[12/Nov/2025 14:50:48] "GET /admin/auth/ HTTP/1.1" 200 19397
[12/Nov/2025 14:50:49] "GET /admin/auth/ HTTP/1.1" 200 19397
[12/Nov/2025 14:50:50] "GET /admin/ HTTP/1.1" 200 19364
[12/Nov/2025 14:50:51] "GET /admin/ HTTP/1.1" 200 19364
[12/Nov/2025 14:50:52] "GET /admin/ HTTP/1.1" 200 19364
[12/Nov/2025 14:50:53] "GET /admin/auth/ HTTP/1.1" 200 19397
[12/Nov/2025 14:52:48] "GET /admin/auth/ HTTP/1.1" 200 19397
[12/Nov/2025 14:52:49] "GET /admin/auth/ HTTP/1.1" 200 19397
[12/Nov/2025 14:52:49] "GET /admin/auth/ HTTP/1.1" 200 19397
[12/Nov/2025 14:52:49] "GET /admin/auth/ HTTP/1.1" 200 19397
[12/Nov/2025 14:52:50] "GET /admin/ HTTP/1.1" 200 19364
[12/Nov/2025 14:52:51] "GET /admin/auth/ HTTP/1.1" 200 19397
[12/Nov/2025 14:52:51] "GET /admin/auth/ HTTP/1.1" 200 19397
[12/Nov/2025 14:53:10] "GET /admin/auth/ HTTP/1.1" 200 19397
[12/Nov/2025 14:53:11] "GET /admin/auth/ HTTP/1.1" 200 19397
[12/Nov/2025 14:53:12] "GET /admin/auth/group/ HTTP/1.1" 200 21091
[12/Nov/2025 14:53:12] "GET /static/admin/css/changelists.css HTTP/1.1" 304 0
[12/Nov/2025 14:53:12] "GET /static/admin/js/vendor/jquery/jquery.js HTTP/1.1" 304 0
[12/Nov/2025 14:53:12] "GET /static/admin/js/jquery.init.js HTTP/1.1" 304 0
[12/Nov/2025 14:53:12] "GET /static/admin/js/core.js HTTP/1.1" 304 0
[12/Nov/2025 14:53:12] "GET /static/admin/js/admin/RelatedObjectLookups.js HTTP/1.1" 304 0
[12/Nov/2025 14:53:12] "GET /static/admin/js/actions.js HTTP/1.1" 304 0
[12/Nov/2025 14:53:12] "GET /static/admin/js/urlify.js HTTP/1.1" 304 0
[12/Nov/2025 14:53:12] "GET /static/admin/js/prepopulate.js HTTP/1.1" 304 0
[12/Nov/2025 14:53:12] "GET /static/admin/js/vendor/xregexp/xregexp.js HTTP/1.1" 304 0
[12/Nov/2025 14:53:12] "GET /static/admin/img/search.svg HTTP/1.1" 304 0
[12/Nov/2025 14:53:12] "GET /admin/jsi18n/ HTTP/1.1" 200 3343
[12/Nov/2025 14:53:12] "GET /static/admin/js/filters.js HTTP/1.1" 304 0
[12/Nov/2025 14:53:12] "GET /static/admin/img/tooltag-add.svg HTTP/1.1" 304 0
[12/Nov/2025 14:53:15] "GET /admin/auth/ HTTP/1.1" 200 19397
[12/Nov/2025 14:53:16] "GET /admin/auth/ HTTP/1.1" 200 19397
[12/Nov/2025 14:53:18] "GET /admin/auth/ HTTP/1.1" 200 19397
[12/Nov/2025 14:53:19] "GET /admin/auth/ HTTP/1.1" 200 19397
[12/Nov/2025 14:53:20] "GET /admin/auth/group/ HTTP/1.1" 200 21091
[12/Nov/2025 14:53:20] "GET /admin/jsi18n/ HTTP/1.1" 200 3343
[12/Nov/2025 14:53:23] "GET /admin/auth/group/?q= HTTP/1.1" 200 21125
[12/Nov/2025 14:53:23] "GET /admin/jsi18n/ HTTP/1.1" 200 3343
[12/Nov/2025 14:53:25] "GET /admin/auth/group/add/?_changelist_filters=q%3D HTTP/1.1" 200 24377
[12/Nov/2025 14:53:25] "GET /admin/jsi18n/ HTTP/1.1" 200 3343
[12/Nov/2025 14:53:25] "GET /static/admin/css/forms.css HTTP/1.1" 200 9090
[12/Nov/2025 14:53:25] "GET /static/admin/js/prepopulate_init.js HTTP/1.1" 200 586
[12/Nov/2025 14:53:25] "GET /static/admin/js/SelectBox.js HTTP/1.1" 200 4530
[12/Nov/2025 14:53:25] "GET /static/admin/js/SelectFilter2.js HTTP/1.1" 200 15292
[12/Nov/2025 14:53:25] "GET /static/admin/css/widgets.css HTTP/1.1" 200 11921
[12/Nov/2025 14:53:25] "GET /static/admin/js/change_form.js HTTP/1.1" 200 606
[12/Nov/2025 14:53:25] "GET /static/admin/img/selector-icons.svg HTTP/1.1" 200 3291
[12/Nov/2025 14:53:25] "GET /static/admin/img/icon-unknown.svg HTTP/1.1" 200 655
[12/Nov/2025 14:53:25] "GET /static/admin/img/icon-unknown-alt.svg HTTP/1.1" 200 655
[12/Nov/2025 14:53:49] "GET /admin/auth/user/add/ HTTP/1.1" 200 23878
[12/Nov/2025 14:53:49] "GET /admin/jsi18n/ HTTP/1.1" 200 3343
[12/Nov/2025 14:53:51] "GET /admin/auth/group/add/ HTTP/1.1" 200 24317
[12/Nov/2025 14:53:51] "GET /admin/jsi18n/ HTTP/1.1" 200 3343
[12/Nov/2025 14:53:52] "GET /admin/auth/user/add/ HTTP/1.1" 200 23878
[12/Nov/2025 14:53:52] "GET /admin/jsi18n/ HTTP/1.1" 200 3343
[12/Nov/2025 14:53:59] "GET /admin/auth/ HTTP/1.1" 200 19397
[12/Nov/2025 14:54:00] "GET /admin/auth/group/ HTTP/1.1" 200 21091
[12/Nov/2025 14:54:00] "GET /admin/jsi18n/ HTTP/1.1" 200 3343
[12/Nov/2025 14:54:02] "GET /admin/auth/user/ HTTP/1.1" 200 24295
[12/Nov/2025 14:54:02] "GET /static/admin/img/icon-yes.svg HTTP/1.1" 304 0
[12/Nov/2025 14:54:02] "GET /admin/jsi18n/ HTTP/1.1" 200 3343
[12/Nov/2025 14:54:02] "GET /static/admin/img/sorting-icons.svg HTTP/1.1" 304 0
[12/Nov/2025 14:54:03] "GET /admin/auth/group/ HTTP/1.1" 200 21091
[12/Nov/2025 14:54:03] "GET /admin/jsi18n/ HTTP/1.1" 200 3343
[12/Nov/2025 14:54:05] "GET /admin/auth/group/add/ HTTP/1.1" 200 24317
[12/Nov/2025 14:54:05] "GET /admin/jsi18n/ HTTP/1.1" 200 3343
[12/Nov/2025 14:54:06] "GET /admin/auth/user/add/ HTTP/1.1" 200 23878
[12/Nov/2025 14:54:06] "GET /admin/jsi18n/ HTTP/1.1" 200 3343
[12/Nov/2025 14:54:07] "GET /admin/auth/ HTTP/1.1" 200 19397
[12/Nov/2025 14:54:09] "GET /admin/ HTTP/1.1" 200 19364
[12/Nov/2025 14:54:12] "GET /admin/password_change/ HTTP/1.1" 200 20609
[12/Nov/2025 14:54:19] "GET /__debug__/render_panel/?request_id=3f1680be92404546925ba86bad858840&panel_id=SettingsPanel HTTP/1.1" 200 26701
[12/Nov/2025 14:54:27] "GET /__debug__/render_panel/?request_id=3f1680be92404546925ba86bad858840&panel_id=HeadersPanel HTTP/1.1" 200 4197
[12/Nov/2025 14:54:30] "GET /admin/ HTTP/1.1" 200 19364
[12/Nov/2025 14:54:31] "GET /admin/auth/ HTTP/1.1" 200 19397
[12/Nov/2025 14:54:32] "GET /admin/auth/user/add/ HTTP/1.1" 200 23878
[12/Nov/2025 14:54:32] "GET /admin/auth/group/add/ HTTP/1.1" 200 24317
[12/Nov/2025 14:54:35] "GET /admin/ HTTP/1.1" 200 19364
[12/Nov/2025 14:54:43] "GET /admin/ HTTP/1.1" 200 19364
