2025-10-06 15:13:10,710 INFO started
2025-10-06 15:13:10,742 INFO Running
2025-10-06 15:13:10,742 INFO python: C:\Program Files (x86)\ZKTeco\ZKAccessB\Python26\python.exe
2025-10-06 15:13:10,742 INFO pid=4592: C:\Program Files (x86)\ZKTeco\ZKAccessB\Python26\python.exe manage.pyc dbadmin
-15:13:12-4592-Starting  service...

-15:13:12-4592-Start to check the mysql(myisam) tables...

-15:13:12-4592-Check the mysql(myisam) table acc_monitor_log OK...

-15:13:12-4592-Check the mysql(myisam) table action_log OK...

-15:13:12-4592-Check the mysql(myisam) table iclock OK...

-15:13:12-4592-Check the mysql(myisam) table devcmds OK...

-15:13:12-4592-Check the mysql(myisam) table checkinout OK...

-15:13:12-4592-Check and Repair mysql tables for 0 s or 0 microseconds...

-15:13:12-4592-Start to execute backupdb...

2025-10-06 15:15:44,944 INFO 4592 terminated, restart it
2025-10-06 15:15:44,944 INFO pid=2984: C:\Program Files (x86)\ZKTeco\ZKAccessB\Python26\python.exe manage.pyc dbadmin
2025-10-06 15:15:55,427 INFO started
2025-10-06 15:15:55,427 INFO Running
2025-10-06 15:15:55,427 INFO python: C:\Program Files (x86)\ZKTeco\ZKAccessB\Python26\python.exe
2025-10-06 15:15:55,444 INFO pid=4552: C:\Program Files (x86)\ZKTeco\ZKAccessB\Python26\python.exe manage.pyc dbadmin
-15:15:57-4552-Starting  service...

-15:15:57-4552-Start to check the mysql(myisam) tables...

-15:15:57-4552-Check the mysql(myisam) table acc_monitor_log OK...

-15:15:57-4552-Check the mysql(myisam) table action_log OK...

-15:15:57-4552-Check the mysql(myisam) table iclock OK...

-15:15:57-4552-Check the mysql(myisam) table devcmds OK...

-15:15:57-4552-Check the mysql(myisam) table checkinout OK...

-15:15:57-4552-Check and Repair mysql tables for 0 s or 0 microseconds...

-15:15:57-4552-Start to execute backupdb...

2025-10-06 15:20:12,500 INFO 4552 terminated, restart it
2025-10-06 15:20:12,500 INFO pid=14148: C:\Program Files (x86)\ZKTeco\ZKAccessB\Python26\python.exe manage.pyc dbadmin
2025-10-07 07:50:33,736 INFO started
2025-10-07 07:50:33,736 INFO Running
2025-10-07 07:50:33,736 INFO python: C:\Program Files (x86)\ZKTeco\ZKAccessB\Python26\python.exe
2025-10-07 07:50:33,736 INFO pid=4516: C:\Program Files (x86)\ZKTeco\ZKAccessB\Python26\python.exe manage.pyc dbadmin
-07:50:35-4516-Starting  service...

-07:50:35-4516-Start to check the mysql(myisam) tables...

-07:50:35-4516-Check the mysql(myisam) table acc_monitor_log OK...

-07:50:35-4516-Check the mysql(myisam) table action_log OK...

-07:50:35-4516-Check the mysql(myisam) table iclock OK...

-07:50:35-4516-Check the mysql(myisam) table devcmds OK...

-07:50:35-4516-Check the mysql(myisam) table checkinout OK...

-07:50:35-4516-Check and Repair mysql tables for 0 s or 0 microseconds...

-07:50:35-4516-Start to execute backupdb...

2025-10-13 07:41:56,509 INFO 4516 terminated, restart it
2025-10-13 07:41:56,509 INFO pid=7876: C:\Program Files (x86)\ZKTeco\ZKAccessB\Python26\python.exe manage.pyc dbadmin
2025-10-13 07:42:29,792 INFO started
2025-10-13 07:42:29,822 INFO Running
2025-10-13 07:42:29,822 INFO python: C:\Program Files (x86)\ZKTeco\ZKAccessB\Python26\python.exe
2025-10-13 07:42:29,822 INFO pid=4760: C:\Program Files (x86)\ZKTeco\ZKAccessB\Python26\python.exe manage.pyc dbadmin
-07:42:31-4760-Starting  service...

-07:42:31-4760-Start to check the mysql(myisam) tables...

-07:42:31-4760-Check the mysql(myisam) table acc_monitor_log OK...

-07:42:31-4760-Check the mysql(myisam) table action_log OK...

-07:42:31-4760-Check the mysql(myisam) table iclock OK...

-07:42:31-4760-Check the mysql(myisam) table devcmds OK...

-07:42:31-4760-Check the mysql(myisam) table checkinout OK...

-07:42:31-4760-Check and Repair mysql tables for 0 s or 0 microseconds...

-07:42:31-4760-Start to execute backupdb...

2025-10-16 07:57:02,796 INFO 4760 terminated, restart it
2025-10-16 07:57:02,796 INFO pid=12284: C:\Program Files (x86)\ZKTeco\ZKAccessB\Python26\python.exe manage.pyc dbadmin
2025-10-16 07:57:14,509 INFO started
2025-10-16 07:57:14,509 INFO Running
2025-10-16 07:57:14,509 INFO python: C:\Program Files (x86)\ZKTeco\ZKAccessB\Python26\python.exe
2025-10-16 07:57:14,525 INFO pid=4928: C:\Program Files (x86)\ZKTeco\ZKAccessB\Python26\python.exe manage.pyc dbadmin
